<?xml version="1.0" encoding="UTF-8" ?>
<testsuite errors="0" failures="0" hostname="dpetrillo-mbr.home" name="sample.HelloWorldTest" skipped="1" tests="2" time="0.028" timestamp="2015-05-08T02:08:29">
  <properties>
    <property name="ant.project.invoked-targets" value="main" />
    <property name="java.runtime.name" value="Java(TM) SE Runtime Environment" />
    <property name="sun.boot.library.path" value="/Library/Java/JavaVirtualMachines/jdk1.8.0_45.jdk/Contents/Home/jre/lib" />
    <property name="java.vm.version" value="25.45-b02" />
    <property name="ant.library.dir" value="/Users/dpetrillo/ant/lib" />
    <property name="gopherProxySet" value="false" />
    <property name="ant.version" value="Apache Ant(TM) version 1.9.4 compiled on April 29 2014" />
    <property name="ant.java.version" value="1.8" />
    <property name="java.vm.vendor" value="Oracle Corporation" />
    <property name="java.vendor.url" value="http://java.oracle.com/" />
    <property name="path.separator" value=":" />
    <property name="java.vm.name" value="Java HotSpot(TM) 64-Bit Server VM" />
    <property name="file.encoding.pkg" value="sun.io" />
    <property name="user.country" value="US" />
    <property name="sun.java.launcher" value="SUN_STANDARD" />
    <property name="sun.os.patch.level" value="unknown" />
    <property name="java.vm.specification.name" value="Java Virtual Machine Specification" />
    <property name="user.dir" value="/Users/dpetrillo/Projects/AntJunit" />
    <property name="java.runtime.version" value="1.8.0_45-b14" />
    <property name="java.awt.graphicsenv" value="sun.awt.CGraphicsEnvironment" />
    <property name="basedir" value="/Users/dpetrillo/Projects/AntJunit" />
    <property name="java.endorsed.dirs" value="/Library/Java/JavaVirtualMachines/jdk1.8.0_45.jdk/Contents/Home/jre/lib/endorsed" />
    <property name="os.arch" value="x86_64" />
    <property name="ant.project.default-target" value="main" />
    <property name="java.io.tmpdir" value="/var/folders/dj/5msx7x551tl4qh2ycpsrjn_rlr07n7/T/" />
    <property name="ant.core.lib" value="/Users/dpetrillo/ant/lib/ant.jar" />
    <property name="line.separator" value="&#xa;" />
    <property name="java.vm.specification.vendor" value="Oracle Corporation" />
    <property name="os.name" value="Mac OS X" />
    <property name="ant.home" value="/Users/dpetrillo/ant" />
    <property name="sun.jnu.encoding" value="UTF-8" />
    <property name="java.library.path" value="/Users/dpetrillo/Library/Java/Extensions:/Library/Java/Extensions:/Network/Library/Java/Extensions:/System/Library/Java/Extensions:/usr/lib/java:." />
    <property name="java.specification.name" value="Java Platform API Specification" />
    <property name="java.class.version" value="52.0" />
    <property name="sun.management.compiler" value="HotSpot 64-Bit Tiered Compilers" />
    <property name="os.version" value="10.9.5" />
    <property name="ant.file" value="/Users/dpetrillo/Projects/AntJunit/build.xml" />
    <property name="http.nonProxyHosts" value="local|*.local|169.254/16|*.169.254/16" />
    <property name="user.home" value="/Users/dpetrillo" />
    <property name="user.timezone" value="America/New_York" />
    <property name="java.awt.printerjob" value="sun.lwawt.macosx.CPrinterJob" />
    <property name="java.specification.version" value="1.8" />
    <property name="file.encoding" value="UTF-8" />
    <property name="java.class.path" value="/Users/dpetrillo/ant/lib/ant-launcher.jar:/Users/dpetrillo/ant/lib/ant-antlr.jar:/Users/dpetrillo/ant/lib/ant-apache-bcel.jar:/Users/dpetrillo/ant/lib/ant-apache-bsf.jar:/Users/dpetrillo/ant/lib/ant-apache-log4j.jar:/Users/dpetrillo/ant/lib/ant-apache-oro.jar:/Users/dpetrillo/ant/lib/ant-apache-regexp.jar:/Users/dpetrillo/ant/lib/ant-apache-resolver.jar:/Users/dpetrillo/ant/lib/ant-apache-xalan2.jar:/Users/dpetrillo/ant/lib/ant-commons-logging.jar:/Users/dpetrillo/ant/lib/ant-commons-net.jar:/Users/dpetrillo/ant/lib/ant-jai.jar:/Users/dpetrillo/ant/lib/ant-javamail.jar:/Users/dpetrillo/ant/lib/ant-jdepend.jar:/Users/dpetrillo/ant/lib/ant-jmf.jar:/Users/dpetrillo/ant/lib/ant-jsch.jar:/Users/dpetrillo/ant/lib/ant-junit.jar:/Users/dpetrillo/ant/lib/ant-junit4.jar:/Users/dpetrillo/ant/lib/ant-launcher.jar:/Users/dpetrillo/ant/lib/ant-netrexx.jar:/Users/dpetrillo/ant/lib/ant-swing.jar:/Users/dpetrillo/ant/lib/ant-testutil.jar:/Users/dpetrillo/ant/lib/ant.jar:/Library/Java/JavaVirtualMachines/jdk1.8.0_45.jdk/Contents/Home/lib/tools.jar" />
    <property name="user.name" value="dpetrillo" />
    <property name="java.vm.specification.version" value="1.8" />
    <property name="java.home" value="/Library/Java/JavaVirtualMachines/jdk1.8.0_45.jdk/Contents/Home/jre" />
    <property name="sun.arch.data.model" value="64" />
    <property name="sun.java.command" value="org.apache.tools.ant.launch.Launcher -cp " />
    <property name="java.specification.vendor" value="Oracle Corporation" />
    <property name="user.language" value="en" />
    <property name="awt.toolkit" value="sun.lwawt.macosx.LWCToolkit" />
    <property name="java.vm.info" value="mixed mode" />
    <property name="java.version" value="1.8.0_45" />
    <property name="java.ext.dirs" value="/Users/dpetrillo/Library/Java/Extensions:/Library/Java/JavaVirtualMachines/jdk1.8.0_45.jdk/Contents/Home/jre/lib/ext:/Library/Java/Extensions:/Network/Library/Java/Extensions:/System/Library/Java/Extensions:/usr/lib/java" />
    <property name="sun.boot.class.path" value="/Library/Java/JavaVirtualMachines/jdk1.8.0_45.jdk/Contents/Home/jre/lib/resources.jar:/Library/Java/JavaVirtualMachines/jdk1.8.0_45.jdk/Contents/Home/jre/lib/rt.jar:/Library/Java/JavaVirtualMachines/jdk1.8.0_45.jdk/Contents/Home/jre/lib/sunrsasign.jar:/Library/Java/JavaVirtualMachines/jdk1.8.0_45.jdk/Contents/Home/jre/lib/jsse.jar:/Library/Java/JavaVirtualMachines/jdk1.8.0_45.jdk/Contents/Home/jre/lib/jce.jar:/Library/Java/JavaVirtualMachines/jdk1.8.0_45.jdk/Contents/Home/jre/lib/charsets.jar:/Library/Java/JavaVirtualMachines/jdk1.8.0_45.jdk/Contents/Home/jre/lib/jfr.jar:/Library/Java/JavaVirtualMachines/jdk1.8.0_45.jdk/Contents/Home/jre/classes" />
    <property name="java.vendor" value="Oracle Corporation" />
    <property name="file.separator" value="/" />
    <property name="java.vendor.url.bug" value="http://bugreport.sun.com/bugreport/" />
    <property name="sun.cpu.endian" value="little" />
    <property name="sun.io.unicode.encoding" value="UnicodeBig" />
    <property name="ant.file.type" value="file" />
    <property name="socksNonProxyHosts" value="local|*.local|169.254/16|*.169.254/16" />
    <property name="ftp.nonProxyHosts" value="local|*.local|169.254/16|*.169.254/16" />
    <property name="sun.cpu.isalist" value="" />
  </properties>
  <testcase classname="sample.HelloWorldTest" name="thisIsIgnored" time="0.001">
    <skipped />
  </testcase>
  <testcase classname="sample.HelloWorldTest" name="thisAlwaysPass" time="0.001" />
  <system-out><![CDATA[]]></system-out>
  <system-err><![CDATA[]]></system-err>
</testsuite>
